This is pdfTeX, Version 3.14159265-2.6-1.40.18 (MiKTeX 2.9.6500 64-bit) (preloaded format=pdflatex 2018.4.24)  3 OCT 2019 10:33
entering extended mode
**./Lab2.tex
(Lab2.tex
LaTeX2e <2017-04-15>
Babel <3.15> and hyphenation patterns for 75 language(s) loaded.
("C:\Program Files\MiKTeX 2.9\tex\latex\base\article.cls"
Document Class: article 2014/09/29 v1.4h Standard LaTeX document class
("C:\Program Files\MiKTeX 2.9\tex\latex\base\size10.clo"
File: size10.clo 2014/09/29 v1.4h Standard LaTeX file (size option)
)
\c@part=\count79
\c@section=\count80
\c@subsection=\count81
\c@subsubsection=\count82
\c@paragraph=\count83
\c@subparagraph=\count84
\c@figure=\count85
\c@table=\count86
\abovecaptionskip=\skip41
\belowcaptionskip=\skip42
\bibindent=\dimen102
) ("C:\Program Files\MiKTeX 2.9\tex\latex\lm\lmodern.sty"
Package: lmodern 2009/10/30 v1.6 Latin Modern Fonts
LaTeX Font Info:    Overwriting symbol font `operators' in version `normal'
(Font)                  OT1/cmr/m/n --> OT1/lmr/m/n on input line 22.
LaTeX Font Info:    Overwriting symbol font `letters' in version `normal'
(Font)                  OML/cmm/m/it --> OML/lmm/m/it on input line 23.
LaTeX Font Info:    Overwriting symbol font `symbols' in version `normal'
(Font)                  OMS/cmsy/m/n --> OMS/lmsy/m/n on input line 24.
LaTeX Font Info:    Overwriting symbol font `largesymbols' in version `normal'
(Font)                  OMX/cmex/m/n --> OMX/lmex/m/n on input line 25.
LaTeX Font Info:    Overwriting symbol font `operators' in version `bold'
(Font)                  OT1/cmr/bx/n --> OT1/lmr/bx/n on input line 26.
LaTeX Font Info:    Overwriting symbol font `letters' in version `bold'
(Font)                  OML/cmm/b/it --> OML/lmm/b/it on input line 27.
LaTeX Font Info:    Overwriting symbol font `symbols' in version `bold'
(Font)                  OMS/cmsy/b/n --> OMS/lmsy/b/n on input line 28.
LaTeX Font Info:    Overwriting symbol font `largesymbols' in version `bold'
(Font)                  OMX/cmex/m/n --> OMX/lmex/m/n on input line 29.
LaTeX Font Info:    Overwriting math alphabet `\mathbf' in version `normal'
(Font)                  OT1/cmr/bx/n --> OT1/lmr/bx/n on input line 31.
LaTeX Font Info:    Overwriting math alphabet `\mathsf' in version `normal'
(Font)                  OT1/cmss/m/n --> OT1/lmss/m/n on input line 32.
LaTeX Font Info:    Overwriting math alphabet `\mathit' in version `normal'
(Font)                  OT1/cmr/m/it --> OT1/lmr/m/it on input line 33.
LaTeX Font Info:    Overwriting math alphabet `\mathtt' in version `normal'
(Font)                  OT1/cmtt/m/n --> OT1/lmtt/m/n on input line 34.
LaTeX Font Info:    Overwriting math alphabet `\mathbf' in version `bold'
(Font)                  OT1/cmr/bx/n --> OT1/lmr/bx/n on input line 35.
LaTeX Font Info:    Overwriting math alphabet `\mathsf' in version `bold'
(Font)                  OT1/cmss/bx/n --> OT1/lmss/bx/n on input line 36.
LaTeX Font Info:    Overwriting math alphabet `\mathit' in version `bold'
(Font)                  OT1/cmr/bx/it --> OT1/lmr/bx/it on input line 37.
LaTeX Font Info:    Overwriting math alphabet `\mathtt' in version `bold'
(Font)                  OT1/cmtt/m/n --> OT1/lmtt/m/n on input line 38.
) ("C:\Program Files\MiKTeX 2.9\tex\latex\amsfonts\amssymb.sty"
Package: amssymb 2013/01/14 v3.01 AMS font symbols
("C:\Program Files\MiKTeX 2.9\tex\latex\amsfonts\amsfonts.sty"
Package: amsfonts 2013/01/14 v3.01 Basic AMSFonts support
\@emptytoks=\toks14
\symAMSa=\mathgroup4
\symAMSb=\mathgroup5
LaTeX Font Info:    Overwriting math alphabet `\mathfrak' in version `bold'
(Font)                  U/euf/m/n --> U/euf/b/n on input line 106.
)) ("C:\Program Files\MiKTeX 2.9\tex\latex\amsmath\amsmath.sty"
Package: amsmath 2017/09/02 v2.17a AMS math features
\@mathmargin=\skip43
For additional information on amsmath, use the `?' option.
("C:\Program Files\MiKTeX 2.9\tex\latex\amsmath\amstext.sty"
Package: amstext 2000/06/29 v2.01 AMS text
("C:\Program Files\MiKTeX 2.9\tex\latex\amsmath\amsgen.sty"
File: amsgen.sty 1999/11/30 v2.0 generic functions
\@emptytoks=\toks15
\ex@=\dimen103
)) ("C:\Program Files\MiKTeX 2.9\tex\latex\amsmath\amsbsy.sty"
Package: amsbsy 1999/11/29 v1.2d Bold Symbols
\pmbraise@=\dimen104
) ("C:\Program Files\MiKTeX 2.9\tex\latex\amsmath\amsopn.sty"
Package: amsopn 2016/03/08 v2.02 operator names
)
\inf@bad=\count87
LaTeX Info: Redefining \frac on input line 213.
\uproot@=\count88
\leftroot@=\count89
LaTeX Info: Redefining \overline on input line 375.
\classnum@=\count90
\DOTSCASE@=\count91
LaTeX Info: Redefining \ldots on input line 472.
LaTeX Info: Redefining \dots on input line 475.
LaTeX Info: Redefining \cdots on input line 596.
\Mathstrutbox@=\box26
\strutbox@=\box27
\big@size=\dimen105
LaTeX Font Info:    Redeclaring font encoding OML on input line 712.
LaTeX Font Info:    Redeclaring font encoding OMS on input line 713.
\macc@depth=\count92
\c@MaxMatrixCols=\count93
\dotsspace@=\muskip10
\c@parentequation=\count94
\dspbrk@lvl=\count95
\tag@help=\toks16
\row@=\count96
\column@=\count97
\maxfields@=\count98
\andhelp@=\toks17
\eqnshift@=\dimen106
\alignsep@=\dimen107
\tagshift@=\dimen108
\tagwidth@=\dimen109
\totwidth@=\dimen110
\lineht@=\dimen111
\@envbody=\toks18
\multlinegap=\skip44
\multlinetaggap=\skip45
\mathdisplay@stack=\toks19
LaTeX Info: Redefining \[ on input line 2817.
LaTeX Info: Redefining \] on input line 2818.
) ("C:\Program Files\MiKTeX 2.9\tex\generic\ifxetex\ifxetex.sty"
Package: ifxetex 2010/09/12 v0.6 Provides ifxetex conditional
) ("C:\Program Files\MiKTeX 2.9\tex\generic\oberdiek\ifluatex.sty"
Package: ifluatex 2016/05/16 v1.4 Provides the ifluatex switch (HO)
Package ifluatex Info: LuaTeX not detected.
) ("C:\Program Files\MiKTeX 2.9\tex\latex\base\fixltx2e.sty"
Package: fixltx2e 2016/12/29 v2.1a fixes to LaTeX (obsolete)
Applying: [2015/01/01] Old fixltx2e package on input line 46.

Package fixltx2e Warning: fixltx2e is not required with releases after 2015
(fixltx2e)                All fixes are now in the LaTeX kernel.
(fixltx2e)                See the latexrelease package for details.

Already applied: [0000/00/00] Old fixltx2e package on input line 53.
) ("C:\Program Files\MiKTeX 2.9\tex\latex\base\fontenc.sty"
Package: fontenc 2017/04/05 v2.0i Standard LaTeX package
("C:\Program Files\MiKTeX 2.9\tex\latex\base\t1enc.def"
File: t1enc.def 2017/04/05 v2.0i Standard LaTeX file
LaTeX Font Info:    Redeclaring font encoding T1 on input line 48.
)) ("C:\Program Files\MiKTeX 2.9\tex\latex\base\inputenc.sty"
Package: inputenc 2015/03/17 v1.2c Input encoding file
\inpenc@prehook=\toks20
\inpenc@posthook=\toks21
("C:\Program Files\MiKTeX 2.9\tex\latex\base\utf8.def"
File: utf8.def 2017/01/28 v1.1t UTF-8 support for inputenc
Now handling font encoding OML ...
... no UTF-8 mapping file for font encoding OML
Now handling font encoding T1 ...
... processing UTF-8 mapping file for font encoding T1
("C:\Program Files\MiKTeX 2.9\tex\latex\base\t1enc.dfu"
File: t1enc.dfu 2017/01/28 v1.1t UTF-8 support for inputenc
   defining Unicode char U+00A0 (decimal 160)
   defining Unicode char U+00A1 (decimal 161)
   defining Unicode char U+00A3 (decimal 163)
   defining Unicode char U+00AB (decimal 171)
   defining Unicode char U+00AD (decimal 173)
   defining Unicode char U+00BB (decimal 187)
   defining Unicode char U+00BF (decimal 191)
   defining Unicode char U+00C0 (decimal 192)
   defining Unicode char U+00C1 (decimal 193)
   defining Unicode char U+00C2 (decimal 194)
   defining Unicode char U+00C3 (decimal 195)
   defining Unicode char U+00C4 (decimal 196)
   defining Unicode char U+00C5 (decimal 197)
   defining Unicode char U+00C6 (decimal 198)
   defining Unicode char U+00C7 (decimal 199)
   defining Unicode char U+00C8 (decimal 200)
   defining Unicode char U+00C9 (decimal 201)
   defining Unicode char U+00CA (decimal 202)
   defining Unicode char U+00CB (decimal 203)
   defining Unicode char U+00CC (decimal 204)
   defining Unicode char U+00CD (decimal 205)
   defining Unicode char U+00CE (decimal 206)
   defining Unicode char U+00CF (decimal 207)
   defining Unicode char U+00D0 (decimal 208)
   defining Unicode char U+00D1 (decimal 209)
   defining Unicode char U+00D2 (decimal 210)
   defining Unicode char U+00D3 (decimal 211)
   defining Unicode char U+00D4 (decimal 212)
   defining Unicode char U+00D5 (decimal 213)
   defining Unicode char U+00D6 (decimal 214)
   defining Unicode char U+00D8 (decimal 216)
   defining Unicode char U+00D9 (decimal 217)
   defining Unicode char U+00DA (decimal 218)
   defining Unicode char U+00DB (decimal 219)
   defining Unicode char U+00DC (decimal 220)
   defining Unicode char U+00DD (decimal 221)
   defining Unicode char U+00DE (decimal 222)
   defining Unicode char U+00DF (decimal 223)
   defining Unicode char U+00E0 (decimal 224)
   defining Unicode char U+00E1 (decimal 225)
   defining Unicode char U+00E2 (decimal 226)
   defining Unicode char U+00E3 (decimal 227)
   defining Unicode char U+00E4 (decimal 228)
   defining Unicode char U+00E5 (decimal 229)
   defining Unicode char U+00E6 (decimal 230)
   defining Unicode char U+00E7 (decimal 231)
   defining Unicode char U+00E8 (decimal 232)
   defining Unicode char U+00E9 (decimal 233)
   defining Unicode char U+00EA (decimal 234)
   defining Unicode char U+00EB (decimal 235)
   defining Unicode char U+00EC (decimal 236)
   defining Unicode char U+00ED (decimal 237)
   defining Unicode char U+00EE (decimal 238)
   defining Unicode char U+00EF (decimal 239)
   defining Unicode char U+00F0 (decimal 240)
   defining Unicode char U+00F1 (decimal 241)
   defining Unicode char U+00F2 (decimal 242)
   defining Unicode char U+00F3 (decimal 243)
   defining Unicode char U+00F4 (decimal 244)
   defining Unicode char U+00F5 (decimal 245)
   defining Unicode char U+00F6 (decimal 246)
   defining Unicode char U+00F8 (decimal 248)
   defining Unicode char U+00F9 (decimal 249)
   defining Unicode char U+00FA (decimal 250)
   defining Unicode char U+00FB (decimal 251)
   defining Unicode char U+00FC (decimal 252)
   defining Unicode char U+00FD (decimal 253)
   defining Unicode char U+00FE (decimal 254)
   defining Unicode char U+00FF (decimal 255)
   defining Unicode char U+0100 (decimal 256)
   defining Unicode char U+0101 (decimal 257)
   defining Unicode char U+0102 (decimal 258)
   defining Unicode char U+0103 (decimal 259)
   defining Unicode char U+0104 (decimal 260)
   defining Unicode char U+0105 (decimal 261)
   defining Unicode char U+0106 (decimal 262)
   defining Unicode char U+0107 (decimal 263)
   defining Unicode char U+0108 (decimal 264)
   defining Unicode char U+0109 (decimal 265)
   defining Unicode char U+010A (decimal 266)
   defining Unicode char U+010B (decimal 267)
   defining Unicode char U+010C (decimal 268)
   defining Unicode char U+010D (decimal 269)
   defining Unicode char U+010E (decimal 270)
   defining Unicode char U+010F (decimal 271)
   defining Unicode char U+0110 (decimal 272)
   defining Unicode char U+0111 (decimal 273)
   defining Unicode char U+0112 (decimal 274)
   defining Unicode char U+0113 (decimal 275)
   defining Unicode char U+0114 (decimal 276)
   defining Unicode char U+0115 (decimal 277)
   defining Unicode char U+0116 (decimal 278)
   defining Unicode char U+0117 (decimal 279)
   defining Unicode char U+0118 (decimal 280)
   defining Unicode char U+0119 (decimal 281)
   defining Unicode char U+011A (decimal 282)
   defining Unicode char U+011B (decimal 283)
   defining Unicode char U+011C (decimal 284)
   defining Unicode char U+011D (decimal 285)
   defining Unicode char U+011E (decimal 286)
   defining Unicode char U+011F (decimal 287)
   defining Unicode char U+0120 (decimal 288)
   defining Unicode char U+0121 (decimal 289)
   defining Unicode char U+0122 (decimal 290)
   defining Unicode char U+0123 (decimal 291)
   defining Unicode char U+0124 (decimal 292)
   defining Unicode char U+0125 (decimal 293)
   defining Unicode char U+0128 (decimal 296)
   defining Unicode char U+0129 (decimal 297)
   defining Unicode char U+012A (decimal 298)
   defining Unicode char U+012B (decimal 299)
   defining Unicode char U+012C (decimal 300)
   defining Unicode char U+012D (decimal 301)
   defining Unicode char U+012E (decimal 302)
   defining Unicode char U+012F (decimal 303)
   defining Unicode char U+0130 (decimal 304)
   defining Unicode char U+0131 (decimal 305)
   defining Unicode char U+0132 (decimal 306)
   defining Unicode char U+0133 (decimal 307)
   defining Unicode char U+0134 (decimal 308)
   defining Unicode char U+0135 (decimal 309)
   defining Unicode char U+0136 (decimal 310)
   defining Unicode char U+0137 (decimal 311)
   defining Unicode char U+0139 (decimal 313)
   defining Unicode char U+013A (decimal 314)
   defining Unicode char U+013B (decimal 315)
   defining Unicode char U+013C (decimal 316)
   defining Unicode char U+013D (decimal 317)
   defining Unicode char U+013E (decimal 318)
   defining Unicode char U+0141 (decimal 321)
   defining Unicode char U+0142 (decimal 322)
   defining Unicode char U+0143 (decimal 323)
   defining Unicode char U+0144 (decimal 324)
   defining Unicode char U+0145 (decimal 325)
   defining Unicode char U+0146 (decimal 326)
   defining Unicode char U+0147 (decimal 327)
   defining Unicode char U+0148 (decimal 328)
   defining Unicode char U+014A (decimal 330)
   defining Unicode char U+014B (decimal 331)
   defining Unicode char U+014C (decimal 332)
   defining Unicode char U+014D (decimal 333)
   defining Unicode char U+014E (decimal 334)
   defining Unicode char U+014F (decimal 335)
   defining Unicode char U+0150 (decimal 336)
   defining Unicode char U+0151 (decimal 337)
   defining Unicode char U+0152 (decimal 338)
   defining Unicode char U+0153 (decimal 339)
   defining Unicode char U+0154 (decimal 340)
   defining Unicode char U+0155 (decimal 341)
   defining Unicode char U+0156 (decimal 342)
   defining Unicode char U+0157 (decimal 343)
   defining Unicode char U+0158 (decimal 344)
   defining Unicode char U+0159 (decimal 345)
   defining Unicode char U+015A (decimal 346)
   defining Unicode char U+015B (decimal 347)
   defining Unicode char U+015C (decimal 348)
   defining Unicode char U+015D (decimal 349)
   defining Unicode char U+015E (decimal 350)
   defining Unicode char U+015F (decimal 351)
   defining Unicode char U+0160 (decimal 352)
   defining Unicode char U+0161 (decimal 353)
   defining Unicode char U+0162 (decimal 354)
   defining Unicode char U+0163 (decimal 355)
   defining Unicode char U+0164 (decimal 356)
   defining Unicode char U+0165 (decimal 357)
   defining Unicode char U+0168 (decimal 360)
   defining Unicode char U+0169 (decimal 361)
   defining Unicode char U+016A (decimal 362)
   defining Unicode char U+016B (decimal 363)
   defining Unicode char U+016C (decimal 364)
   defining Unicode char U+016D (decimal 365)
   defining Unicode char U+016E (decimal 366)
   defining Unicode char U+016F (decimal 367)
   defining Unicode char U+0170 (decimal 368)
   defining Unicode char U+0171 (decimal 369)
   defining Unicode char U+0172 (decimal 370)
   defining Unicode char U+0173 (decimal 371)
   defining Unicode char U+0174 (decimal 372)
   defining Unicode char U+0175 (decimal 373)
   defining Unicode char U+0176 (decimal 374)
   defining Unicode char U+0177 (decimal 375)
   defining Unicode char U+0178 (decimal 376)
   defining Unicode char U+0179 (decimal 377)
   defining Unicode char U+017A (decimal 378)
   defining Unicode char U+017B (decimal 379)
   defining Unicode char U+017C (decimal 380)
   defining Unicode char U+017D (decimal 381)
   defining Unicode char U+017E (decimal 382)
   defining Unicode char U+01CD (decimal 461)
   defining Unicode char U+01CE (decimal 462)
   defining Unicode char U+01CF (decimal 463)
   defining Unicode char U+01D0 (decimal 464)
   defining Unicode char U+01D1 (decimal 465)
   defining Unicode char U+01D2 (decimal 466)
   defining Unicode char U+01D3 (decimal 467)
   defining Unicode char U+01D4 (decimal 468)
   defining Unicode char U+01E2 (decimal 482)
   defining Unicode char U+01E3 (decimal 483)
   defining Unicode char U+01E6 (decimal 486)
   defining Unicode char U+01E7 (decimal 487)
   defining Unicode char U+01E8 (decimal 488)
   defining Unicode char U+01E9 (decimal 489)
   defining Unicode char U+01EA (decimal 490)
   defining Unicode char U+01EB (decimal 491)
   defining Unicode char U+01F0 (decimal 496)
   defining Unicode char U+01F4 (decimal 500)
   defining Unicode char U+01F5 (decimal 501)
   defining Unicode char U+0218 (decimal 536)
   defining Unicode char U+0219 (decimal 537)
   defining Unicode char U+021A (decimal 538)
   defining Unicode char U+021B (decimal 539)
   defining Unicode char U+0232 (decimal 562)
   defining Unicode char U+0233 (decimal 563)
   defining Unicode char U+1E02 (decimal 7682)
   defining Unicode char U+1E03 (decimal 7683)
   defining Unicode char U+200C (decimal 8204)
   defining Unicode char U+2010 (decimal 8208)
   defining Unicode char U+2011 (decimal 8209)
   defining Unicode char U+2012 (decimal 8210)
   defining Unicode char U+2013 (decimal 8211)
   defining Unicode char U+2014 (decimal 8212)
   defining Unicode char U+2015 (decimal 8213)
   defining Unicode char U+2018 (decimal 8216)
   defining Unicode char U+2019 (decimal 8217)
   defining Unicode char U+201A (decimal 8218)
   defining Unicode char U+201C (decimal 8220)
   defining Unicode char U+201D (decimal 8221)
   defining Unicode char U+201E (decimal 8222)
   defining Unicode char U+2030 (decimal 8240)
   defining Unicode char U+2031 (decimal 8241)
   defining Unicode char U+2039 (decimal 8249)
   defining Unicode char U+203A (decimal 8250)
   defining Unicode char U+2423 (decimal 9251)
   defining Unicode char U+1E20 (decimal 7712)
   defining Unicode char U+1E21 (decimal 7713)
)
Now handling font encoding OT1 ...
... processing UTF-8 mapping file for font encoding OT1
("C:\Program Files\MiKTeX 2.9\tex\latex\base\ot1enc.dfu"
File: ot1enc.dfu 2017/01/28 v1.1t UTF-8 support for inputenc
   defining Unicode char U+00A0 (decimal 160)
   defining Unicode char U+00A1 (decimal 161)
   defining Unicode char U+00A3 (decimal 163)
   defining Unicode char U+00AD (decimal 173)
   defining Unicode char U+00B8 (decimal 184)
   defining Unicode char U+00BF (decimal 191)
   defining Unicode char U+00C5 (decimal 197)
   defining Unicode char U+00C6 (decimal 198)
   defining Unicode char U+00D8 (decimal 216)
   defining Unicode char U+00DF (decimal 223)
   defining Unicode char U+00E6 (decimal 230)
   defining Unicode char U+00EC (decimal 236)
   defining Unicode char U+00ED (decimal 237)
   defining Unicode char U+00EE (decimal 238)
   defining Unicode char U+00EF (decimal 239)
   defining Unicode char U+00F8 (decimal 248)
   defining Unicode char U+0131 (decimal 305)
   defining Unicode char U+0141 (decimal 321)
   defining Unicode char U+0142 (decimal 322)
   defining Unicode char U+0152 (decimal 338)
   defining Unicode char U+0153 (decimal 339)
   defining Unicode char U+0174 (decimal 372)
   defining Unicode char U+0175 (decimal 373)
   defining Unicode char U+0176 (decimal 374)
   defining Unicode char U+0177 (decimal 375)
   defining Unicode char U+0218 (decimal 536)
   defining Unicode char U+0219 (decimal 537)
   defining Unicode char U+021A (decimal 538)
   defining Unicode char U+021B (decimal 539)
   defining Unicode char U+2013 (decimal 8211)
   defining Unicode char U+2014 (decimal 8212)
   defining Unicode char U+2018 (decimal 8216)
   defining Unicode char U+2019 (decimal 8217)
   defining Unicode char U+201C (decimal 8220)
   defining Unicode char U+201D (decimal 8221)
)
Now handling font encoding OMS ...
... processing UTF-8 mapping file for font encoding OMS
("C:\Program Files\MiKTeX 2.9\tex\latex\base\omsenc.dfu"
File: omsenc.dfu 2017/01/28 v1.1t UTF-8 support for inputenc
   defining Unicode char U+00A7 (decimal 167)
   defining Unicode char U+00B6 (decimal 182)
   defining Unicode char U+00B7 (decimal 183)
   defining Unicode char U+2020 (decimal 8224)
   defining Unicode char U+2021 (decimal 8225)
   defining Unicode char U+2022 (decimal 8226)
)
Now handling font encoding OMX ...
... no UTF-8 mapping file for font encoding OMX
Now handling font encoding U ...
... no UTF-8 mapping file for font encoding U
   defining Unicode char U+00A9 (decimal 169)
   defining Unicode char U+00AA (decimal 170)
   defining Unicode char U+00AE (decimal 174)
   defining Unicode char U+00BA (decimal 186)
   defining Unicode char U+02C6 (decimal 710)
   defining Unicode char U+02DC (decimal 732)
   defining Unicode char U+200C (decimal 8204)
   defining Unicode char U+2026 (decimal 8230)
   defining Unicode char U+2122 (decimal 8482)
   defining Unicode char U+2423 (decimal 9251)
)) (C:\Users\user\AppData\Roaming\MiKTeX\2.9\tex\latex\upquote\upquote.sty
Package: upquote 2012/04/19 v1.3 upright-quote and grave-accent glyphs in verba
tim
("C:\Program Files\MiKTeX 2.9\tex\latex\base\textcomp.sty"
Package: textcomp 2017/04/05 v2.0i Standard LaTeX package
Package textcomp Info: Sub-encoding information:
(textcomp)               5 = only ISO-Adobe without \textcurrency
(textcomp)               4 = 5 + \texteuro
(textcomp)               3 = 4 + \textohm
(textcomp)               2 = 3 + \textestimated + \textcurrency
(textcomp)               1 = TS1 - \textcircled - \t
(textcomp)               0 = TS1 (full)
(textcomp)             Font families with sub-encoding setting implement
(textcomp)             only a restricted character set as indicated.
(textcomp)             Family '?' is the default used for unknown fonts.
(textcomp)             See the documentation for details.
Package textcomp Info: Setting ? sub-encoding to TS1/1 on input line 79.
("C:\Program Files\MiKTeX 2.9\tex\latex\base\ts1enc.def"
File: ts1enc.def 2001/06/05 v3.0e (jk/car/fm) Standard LaTeX file
Now handling font encoding TS1 ...
... processing UTF-8 mapping file for font encoding TS1
("C:\Program Files\MiKTeX 2.9\tex\latex\base\ts1enc.dfu"
File: ts1enc.dfu 2017/01/28 v1.1t UTF-8 support for inputenc
   defining Unicode char U+00A2 (decimal 162)
   defining Unicode char U+00A3 (decimal 163)
   defining Unicode char U+00A4 (decimal 164)
   defining Unicode char U+00A5 (decimal 165)
   defining Unicode char U+00A6 (decimal 166)
   defining Unicode char U+00A7 (decimal 167)
   defining Unicode char U+00A8 (decimal 168)
   defining Unicode char U+00A9 (decimal 169)
   defining Unicode char U+00AA (decimal 170)
   defining Unicode char U+00AC (decimal 172)
   defining Unicode char U+00AE (decimal 174)
   defining Unicode char U+00AF (decimal 175)
   defining Unicode char U+00B0 (decimal 176)
   defining Unicode char U+00B1 (decimal 177)
   defining Unicode char U+00B2 (decimal 178)
   defining Unicode char U+00B3 (decimal 179)
   defining Unicode char U+00B4 (decimal 180)
   defining Unicode char U+00B5 (decimal 181)
   defining Unicode char U+00B6 (decimal 182)
   defining Unicode char U+00B7 (decimal 183)
   defining Unicode char U+00B9 (decimal 185)
   defining Unicode char U+00BA (decimal 186)
   defining Unicode char U+00BC (decimal 188)
   defining Unicode char U+00BD (decimal 189)
   defining Unicode char U+00BE (decimal 190)
   defining Unicode char U+00D7 (decimal 215)
   defining Unicode char U+00F7 (decimal 247)
   defining Unicode char U+0192 (decimal 402)
   defining Unicode char U+02C7 (decimal 711)
   defining Unicode char U+02D8 (decimal 728)
   defining Unicode char U+02DD (decimal 733)
   defining Unicode char U+0E3F (decimal 3647)
   defining Unicode char U+2016 (decimal 8214)
   defining Unicode char U+2020 (decimal 8224)
   defining Unicode char U+2021 (decimal 8225)
   defining Unicode char U+2022 (decimal 8226)
   defining Unicode char U+2030 (decimal 8240)
   defining Unicode char U+2031 (decimal 8241)
   defining Unicode char U+203B (decimal 8251)
   defining Unicode char U+203D (decimal 8253)
   defining Unicode char U+2044 (decimal 8260)
   defining Unicode char U+204E (decimal 8270)
   defining Unicode char U+2052 (decimal 8274)
   defining Unicode char U+20A1 (decimal 8353)
   defining Unicode char U+20A4 (decimal 8356)
   defining Unicode char U+20A6 (decimal 8358)
   defining Unicode char U+20A9 (decimal 8361)
   defining Unicode char U+20AB (decimal 8363)
   defining Unicode char U+20AC (decimal 8364)
   defining Unicode char U+20B1 (decimal 8369)
   defining Unicode char U+2103 (decimal 8451)
   defining Unicode char U+2116 (decimal 8470)
   defining Unicode char U+2117 (decimal 8471)
   defining Unicode char U+211E (decimal 8478)
   defining Unicode char U+2120 (decimal 8480)
   defining Unicode char U+2122 (decimal 8482)
   defining Unicode char U+2126 (decimal 8486)
   defining Unicode char U+2127 (decimal 8487)
   defining Unicode char U+212E (decimal 8494)
   defining Unicode char U+2190 (decimal 8592)
   defining Unicode char U+2191 (decimal 8593)
   defining Unicode char U+2192 (decimal 8594)
   defining Unicode char U+2193 (decimal 8595)
   defining Unicode char U+2329 (decimal 9001)
   defining Unicode char U+232A (decimal 9002)
   defining Unicode char U+2422 (decimal 9250)
   defining Unicode char U+25E6 (decimal 9702)
   defining Unicode char U+25EF (decimal 9711)
   defining Unicode char U+266A (decimal 9834)
))
LaTeX Info: Redefining \oldstylenums on input line 334.
Package textcomp Info: Setting cmr sub-encoding to TS1/0 on input line 349.
Package textcomp Info: Setting cmss sub-encoding to TS1/0 on input line 350.
Package textcomp Info: Setting cmtt sub-encoding to TS1/0 on input line 351.
Package textcomp Info: Setting cmvtt sub-encoding to TS1/0 on input line 352.
Package textcomp Info: Setting cmbr sub-encoding to TS1/0 on input line 353.
Package textcomp Info: Setting cmtl sub-encoding to TS1/0 on input line 354.
Package textcomp Info: Setting ccr sub-encoding to TS1/0 on input line 355.
Package textcomp Info: Setting ptm sub-encoding to TS1/4 on input line 356.
Package textcomp Info: Setting pcr sub-encoding to TS1/4 on input line 357.
Package textcomp Info: Setting phv sub-encoding to TS1/4 on input line 358.
Package textcomp Info: Setting ppl sub-encoding to TS1/3 on input line 359.
Package textcomp Info: Setting pag sub-encoding to TS1/4 on input line 360.
Package textcomp Info: Setting pbk sub-encoding to TS1/4 on input line 361.
Package textcomp Info: Setting pnc sub-encoding to TS1/4 on input line 362.
Package textcomp Info: Setting pzc sub-encoding to TS1/4 on input line 363.
Package textcomp Info: Setting bch sub-encoding to TS1/4 on input line 364.
Package textcomp Info: Setting put sub-encoding to TS1/5 on input line 365.
Package textcomp Info: Setting uag sub-encoding to TS1/5 on input line 366.
Package textcomp Info: Setting ugq sub-encoding to TS1/5 on input line 367.
Package textcomp Info: Setting ul8 sub-encoding to TS1/4 on input line 368.
Package textcomp Info: Setting ul9 sub-encoding to TS1/4 on input line 369.
Package textcomp Info: Setting augie sub-encoding to TS1/5 on input line 370.
Package textcomp Info: Setting dayrom sub-encoding to TS1/3 on input line 371.
Package textcomp Info: Setting dayroms sub-encoding to TS1/3 on input line 372.

Package textcomp Info: Setting pxr sub-encoding to TS1/0 on input line 373.
Package textcomp Info: Setting pxss sub-encoding to TS1/0 on input line 374.
Package textcomp Info: Setting pxtt sub-encoding to TS1/0 on input line 375.
Package textcomp Info: Setting txr sub-encoding to TS1/0 on input line 376.
Package textcomp Info: Setting txss sub-encoding to TS1/0 on input line 377.
Package textcomp Info: Setting txtt sub-encoding to TS1/0 on input line 378.
Package textcomp Info: Setting lmr sub-encoding to TS1/0 on input line 379.
Package textcomp Info: Setting lmdh sub-encoding to TS1/0 on input line 380.
Package textcomp Info: Setting lmss sub-encoding to TS1/0 on input line 381.
Package textcomp Info: Setting lmssq sub-encoding to TS1/0 on input line 382.
Package textcomp Info: Setting lmvtt sub-encoding to TS1/0 on input line 383.
Package textcomp Info: Setting lmtt sub-encoding to TS1/0 on input line 384.
Package textcomp Info: Setting qhv sub-encoding to TS1/0 on input line 385.
Package textcomp Info: Setting qag sub-encoding to TS1/0 on input line 386.
Package textcomp Info: Setting qbk sub-encoding to TS1/0 on input line 387.
Package textcomp Info: Setting qcr sub-encoding to TS1/0 on input line 388.
Package textcomp Info: Setting qcs sub-encoding to TS1/0 on input line 389.
Package textcomp Info: Setting qpl sub-encoding to TS1/0 on input line 390.
Package textcomp Info: Setting qtm sub-encoding to TS1/0 on input line 391.
Package textcomp Info: Setting qzc sub-encoding to TS1/0 on input line 392.
Package textcomp Info: Setting qhvc sub-encoding to TS1/0 on input line 393.
Package textcomp Info: Setting futs sub-encoding to TS1/4 on input line 394.
Package textcomp Info: Setting futx sub-encoding to TS1/4 on input line 395.
Package textcomp Info: Setting futj sub-encoding to TS1/4 on input line 396.
Package textcomp Info: Setting hlh sub-encoding to TS1/3 on input line 397.
Package textcomp Info: Setting hls sub-encoding to TS1/3 on input line 398.
Package textcomp Info: Setting hlst sub-encoding to TS1/3 on input line 399.
Package textcomp Info: Setting hlct sub-encoding to TS1/5 on input line 400.
Package textcomp Info: Setting hlx sub-encoding to TS1/5 on input line 401.
Package textcomp Info: Setting hlce sub-encoding to TS1/5 on input line 402.
Package textcomp Info: Setting hlcn sub-encoding to TS1/5 on input line 403.
Package textcomp Info: Setting hlcw sub-encoding to TS1/5 on input line 404.
Package textcomp Info: Setting hlcf sub-encoding to TS1/5 on input line 405.
Package textcomp Info: Setting pplx sub-encoding to TS1/3 on input line 406.
Package textcomp Info: Setting pplj sub-encoding to TS1/3 on input line 407.
Package textcomp Info: Setting ptmx sub-encoding to TS1/4 on input line 408.
Package textcomp Info: Setting ptmj sub-encoding to TS1/4 on input line 409.
)) (C:\Users\user\AppData\Roaming\MiKTeX\2.9\tex\latex\microtype\microtype.sty
Package: microtype 2018/01/14 v2.7a Micro-typographical refinements (RS)
("C:\Program Files\MiKTeX 2.9\tex\latex\graphics\keyval.sty"
Package: keyval 2014/10/28 v1.15 key=value parser (DPC)
\KV@toks@=\toks22
)
\MT@toks=\toks23
\MT@count=\count99
LaTeX Info: Redefining \textls on input line 793.
\MT@outer@kern=\dimen112
LaTeX Info: Redefining \textmicrotypecontext on input line 1339.
\MT@listname@count=\count100

(C:\Users\user\AppData\Roaming\MiKTeX\2.9\tex\latex\microtype\microtype-pdftex.
def
File: microtype-pdftex.def 2018/01/14 v2.7a Definitions specific to pdftex (RS)

LaTeX Info: Redefining \lsstyle on input line 913.
LaTeX Info: Redefining \lslig on input line 913.
\MT@outer@space=\skip46
)
Package microtype Info: Loading configuration file microtype.cfg.
(C:\Users\user\AppData\Roaming\MiKTeX\2.9\tex\latex\microtype\microtype.cfg
File: microtype.cfg 2018/01/14 v2.7a microtype main configuration file (RS)
)) ("C:\Program Files\MiKTeX 2.9\tex\latex\geometry\geometry.sty"
Package: geometry 2010/09/12 v5.6 Page Geometry
("C:\Program Files\MiKTeX 2.9\tex\generic\oberdiek\ifpdf.sty"
Package: ifpdf 2017/03/15 v3.2 Provides the ifpdf switch
) ("C:\Program Files\MiKTeX 2.9\tex\generic\oberdiek\ifvtex.sty"
Package: ifvtex 2016/05/16 v1.6 Detect VTeX and its facilities (HO)
Package ifvtex Info: VTeX not detected.
)
\Gm@cnth=\count101
\Gm@cntv=\count102
\c@Gm@tempcnt=\count103
\Gm@bindingoffset=\dimen113
\Gm@wd@mp=\dimen114
\Gm@odd@mp=\dimen115
\Gm@even@mp=\dimen116
\Gm@layoutwidth=\dimen117
\Gm@layoutheight=\dimen118
\Gm@layouthoffset=\dimen119
\Gm@layoutvoffset=\dimen120
\Gm@dimlist=\toks24
("C:\Program Files\MiKTeX 2.9\tex\latex\geometry\geometry.cfg")) ("C:\Program F
iles\MiKTeX 2.9\tex\latex\hyperref\hyperref.sty"
Package: hyperref 2017/03/14 v6.85a Hypertext links for LaTeX
("C:\Program Files\MiKTeX 2.9\tex\generic\oberdiek\hobsub-hyperref.sty"
Package: hobsub-hyperref 2016/05/16 v1.14 Bundle oberdiek, subset hyperref (HO)

("C:\Program Files\MiKTeX 2.9\tex\generic\oberdiek\hobsub-generic.sty"
Package: hobsub-generic 2016/05/16 v1.14 Bundle oberdiek, subset generic (HO)
Package: hobsub 2016/05/16 v1.14 Construct package bundles (HO)
Package: infwarerr 2016/05/16 v1.4 Providing info/warning/error messages (HO)
Package: ltxcmds 2016/05/16 v1.23 LaTeX kernel commands for general use (HO)
Package hobsub Info: Skipping package `ifluatex' (already loaded).
Package hobsub Info: Skipping package `ifvtex' (already loaded).
Package: intcalc 2016/05/16 v1.2 Expandable calculations with integers (HO)
Package hobsub Info: Skipping package `ifpdf' (already loaded).
Package: etexcmds 2016/05/16 v1.6 Avoid name clashes with e-TeX commands (HO)
Package etexcmds Info: Could not find \expanded.
(etexcmds)             That can mean that you are not using pdfTeX 1.50 or
(etexcmds)             that some package has redefined \expanded.
(etexcmds)             In the latter case, load this package earlier.
Package: kvsetkeys 2016/05/16 v1.17 Key value parser (HO)
Package: kvdefinekeys 2016/05/16 v1.4 Define keys (HO)
Package: pdftexcmds 2017/03/19 v0.25 Utility functions of pdfTeX for LuaTeX (HO
)
Package pdftexcmds Info: LuaTeX not detected.
Package pdftexcmds Info: \pdf@primitive is available.
Package pdftexcmds Info: \pdf@ifprimitive is available.
Package pdftexcmds Info: \pdfdraftmode found.
Package: pdfescape 2016/05/16 v1.14 Implements pdfTeX's escape features (HO)
Package: bigintcalc 2016/05/16 v1.4 Expandable calculations on big integers (HO
)
Package: bitset 2016/05/16 v1.2 Handle bit-vector datatype (HO)
Package: uniquecounter 2016/05/16 v1.3 Provide unlimited unique counter (HO)
)
Package hobsub Info: Skipping package `hobsub' (already loaded).
Package: letltxmacro 2016/05/16 v1.5 Let assignment for LaTeX macros (HO)
Package: hopatch 2016/05/16 v1.3 Wrapper for package hooks (HO)
Package: xcolor-patch 2016/05/16 xcolor patch
Package: atveryend 2016/05/16 v1.9 Hooks at the very end of document (HO)
Package atveryend Info: \enddocument detected (standard20110627).
Package: atbegshi 2016/06/09 v1.18 At begin shipout hook (HO)
Package: refcount 2016/05/16 v3.5 Data extraction from label references (HO)
Package: hycolor 2016/05/16 v1.8 Color options for hyperref/bookmark (HO)
) ("C:\Program Files\MiKTeX 2.9\tex\latex\oberdiek\auxhook.sty"
Package: auxhook 2016/05/16 v1.4 Hooks for auxiliary files (HO)
) ("C:\Program Files\MiKTeX 2.9\tex\latex\oberdiek\kvoptions.sty"
Package: kvoptions 2016/05/16 v3.12 Key value format for package options (HO)
)
\@linkdim=\dimen121
\Hy@linkcounter=\count104
\Hy@pagecounter=\count105
("C:\Program Files\MiKTeX 2.9\tex\latex\hyperref\pd1enc.def"
File: pd1enc.def 2017/03/14 v6.85a Hyperref: PDFDocEncoding definition (HO)
Now handling font encoding PD1 ...
... no UTF-8 mapping file for font encoding PD1
)
\Hy@SavedSpaceFactor=\count106
("C:\Program Files\MiKTeX 2.9\tex\latex\00miktex\hyperref.cfg"
File: hyperref.cfg 2002/06/06 v1.2 hyperref configuration of TeXLive
)
Package hyperref Info: Hyper figures OFF on input line 4498.
Package hyperref Info: Link nesting OFF on input line 4503.
Package hyperref Info: Hyper index ON on input line 4506.
Package hyperref Info: Plain pages OFF on input line 4513.
Package hyperref Info: Backreferencing OFF on input line 4518.
Package hyperref Info: Implicit mode ON; LaTeX internals redefined.
Package hyperref Info: Bookmarks ON on input line 4751.
\c@Hy@tempcnt=\count107
(C:\Users\user\AppData\Roaming\MiKTeX\2.9\tex\latex\url\url.sty
\Urlmuskip=\muskip11
Package: url 2013/09/16  ver 3.4  Verb mode for urls, etc.
)
LaTeX Info: Redefining \url on input line 5104.
\XeTeXLinkMargin=\dimen122
\Fld@menulength=\count108
\Field@Width=\dimen123
\Fld@charsize=\dimen124
Package hyperref Info: Hyper figures OFF on input line 6358.
Package hyperref Info: Link nesting OFF on input line 6363.
Package hyperref Info: Hyper index ON on input line 6366.
Package hyperref Info: backreferencing OFF on input line 6373.
Package hyperref Info: Link coloring OFF on input line 6378.
Package hyperref Info: Link coloring with OCG OFF on input line 6383.
Package hyperref Info: PDF/A mode OFF on input line 6388.
LaTeX Info: Redefining \ref on input line 6428.
LaTeX Info: Redefining \pageref on input line 6432.
\Hy@abspage=\count109
\c@Item=\count110
\c@Hfootnote=\count111
)

Package hyperref Message: Driver (autodetected): hpdftex.

("C:\Program Files\MiKTeX 2.9\tex\latex\hyperref\hpdftex.def"
File: hpdftex.def 2017/03/14 v6.85a Hyperref driver for pdfTeX
\Fld@listcount=\count112
\c@bookmark@seq@number=\count113
("C:\Program Files\MiKTeX 2.9\tex\latex\oberdiek\rerunfilecheck.sty"
Package: rerunfilecheck 2016/05/16 v1.8 Rerun checks for auxiliary files (HO)
Package uniquecounter Info: New unique counter `rerunfilecheck' on input line 2
82.
)
\Hy@SectionHShift=\skip47
)
Package hyperref Info: Option `unicode' set `true' on input line 29.
("C:\Program Files\MiKTeX 2.9\tex\latex\hyperref\puenc.def"
File: puenc.def 2017/03/14 v6.85a Hyperref: PDF Unicode definition (HO)
Now handling font encoding PU ...
... no UTF-8 mapping file for font encoding PU
)
Package hyperref Info: Option `breaklinks' set `true' on input line 29.
(C:\Users\user\AppData\Roaming\MiKTeX\2.9\tex\latex\natbib\natbib.sty
Package: natbib 2010/09/13 8.31b (PWD, AO)
\bibhang=\skip48
\bibsep=\skip49
LaTeX Info: Redefining \cite on input line 694.
\c@NAT@ctr=\count114
) ("C:\Program Files\MiKTeX 2.9\tex\latex\graphics\color.sty"
Package: color 2016/07/10 v1.1e Standard LaTeX Color (DPC)
("C:\Program Files\MiKTeX 2.9\tex\latex\graphics-cfg\color.cfg"
File: color.cfg 2016/01/02 v1.6 sample color configuration
)
Package color Info: Driver file: pdftex.def on input line 147.
("C:\Program Files\MiKTeX 2.9\tex\latex\graphics-def\pdftex.def"
File: pdftex.def 2017/06/24 v1.0g Graphics/color driver for pdftex
)) (C:\Users\user\AppData\Roaming\MiKTeX\2.9\tex\latex\fancyvrb\fancyvrb.sty
Package: fancyvrb 2008/02/07

Style option: `fancyvrb' v2.7a, with DG/SPQR fixes, and firstline=lastline fix 
<2008/02/07> (tvz)
\FV@CodeLineNo=\count115
\FV@InFile=\read1
\FV@TabBox=\box28
\c@FancyVerbLine=\count116
\FV@StepNumber=\count117
\FV@OutFile=\write3
) (C:\Users\user\AppData\Roaming\MiKTeX\2.9\tex\latex\framed\framed.sty
Package: framed 2011/10/22 v 0.96: framed or shaded text with page breaks
\OuterFrameSep=\skip50
\fb@frw=\dimen125
\fb@frh=\dimen126
\FrameRule=\dimen127
\FrameSep=\dimen128
) ("C:\Program Files\MiKTeX 2.9\tex\latex\tools\longtable.sty"
Package: longtable 2014/10/28 v4.11 Multi-page Table package (DPC)
\LTleft=\skip51
\LTright=\skip52
\LTpre=\skip53
\LTpost=\skip54
\LTchunksize=\count118
\LTcapwidth=\dimen129
\LT@head=\box29
\LT@firsthead=\box30
\LT@foot=\box31
\LT@lastfoot=\box32
\LT@cols=\count119
\LT@rows=\count120
\c@LT@tables=\count121
\c@LT@chunks=\count122
\LT@p@ftn=\toks25
) (C:\Users\user\AppData\Roaming\MiKTeX\2.9\tex\latex\booktabs\booktabs.sty
Package: booktabs 2005/04/14 v1.61803 publication quality tables
\heavyrulewidth=\dimen130
\lightrulewidth=\dimen131
\cmidrulewidth=\dimen132
\belowrulesep=\dimen133
\belowbottomsep=\dimen134
\aboverulesep=\dimen135
\abovetopsep=\dimen136
\cmidrulesep=\dimen137
\cmidrulekern=\dimen138
\defaultaddspace=\dimen139
\@cmidla=\count123
\@cmidlb=\count124
\@aboverulesep=\dimen140
\@belowrulesep=\dimen141
\@thisruleclass=\count125
\@lastruleclass=\count126
\@thisrulewidth=\dimen142
) ("C:\Program Files\MiKTeX 2.9\tex\latex\graphics\graphicx.sty"
Package: graphicx 2017/06/01 v1.1a Enhanced LaTeX Graphics (DPC,SPQR)
("C:\Program Files\MiKTeX 2.9\tex\latex\graphics\graphics.sty"
Package: graphics 2017/06/25 v1.2c Standard LaTeX Graphics (DPC,SPQR)
("C:\Program Files\MiKTeX 2.9\tex\latex\graphics\trig.sty"
Package: trig 2016/01/03 v1.10 sin cos tan (DPC)
) ("C:\Program Files\MiKTeX 2.9\tex\latex\graphics-cfg\graphics.cfg"
File: graphics.cfg 2016/06/04 v1.11 sample graphics configuration
)
Package graphics Info: Driver file: pdftex.def on input line 99.
)
\Gin@req@height=\dimen143
\Gin@req@width=\dimen144
) ("C:\Program Files\MiKTeX 2.9\tex\latex\oberdiek\grffile.sty"
Package: grffile 2016/05/16 v1.17 Extended file name support for graphics (HO)
Package grffile Info: Option `multidot' is set to `true'.
Package grffile Info: Option `extendedchars' is set to `false'.
Package grffile Info: Option `space' is set to `true'.
Package grffile Info: \Gin@ii of package `graphicx' fixed on input line 486.
) ("C:\Program Files\MiKTeX 2.9\tex\latex\ltxmisc\parskip.sty"
Package: parskip 2001/04/09 non-zero parskip adjustments
) (C:\Users\user\AppData\Roaming\MiKTeX\2.9\tex\latex\titling\titling.sty
Package: titling 2009/09/04 v2.1d maketitle typesetting
\thanksmarkwidth=\skip55
\thanksmargin=\skip56
\droptitle=\skip57
)
Package color Info: Redefining color shadecolor on input line 131.
(C:\Users\user\AppData\Roaming\MiKTeX\2.9\tex\latex\marginnote\marginnote.sty
Package: marginnote 2018/04/13 v1.3 non floating margin notes for LaTeX
\c@mn@abspage=\count127
)
\c@proposition=\count128
\c@exo=\count129
(C:\Users\user\AppData\Roaming\MiKTeX\2.9\tex\latex\subfigure\subfigure.sty
Package: subfigure 2002/07/30 v2.1.4 subfigure package
\subfigtopskip=\skip58
\subfigcapskip=\skip59
\subfigcaptopadj=\dimen145
\subfigbottomskip=\skip60
\subfigcapmargin=\dimen146
\subfiglabelskip=\skip61
\c@subfigure=\count130
\c@lofdepth=\count131
\c@subtable=\count132
\c@lotdepth=\count133
****************************************
* Local config file subfigure.cfg used *
****************************************
(C:\Users\user\AppData\Roaming\MiKTeX\2.9\tex\latex\subfigure\subfigure.cfg)
\subfig@top=\skip62
\subfig@bottom=\skip63
) (C:\Users\user\AppData\Roaming\MiKTeX\2.9\tex\latex\slashbox\slashbox.sty
slashbox style by K.Yasuoka, May 1993.
\@slashboxa=\box33
\@slashboxb=\box34
\@slashboxc=\box35
\@slashboxwd=\count134
\@slashboxht=\count135
\@slashsepl=\dimen147
\@slashsepr=\dimen148
) ("C:\Program Files\MiKTeX 2.9\tex\latex\hyperref\backref.sty"
Package: backref 2016/05/21 v1.39 Bibliographical back referencing
)
Package hyperref Info: Option `bookmarksopen' set `true' on input line 339.
Package hyperref Info: Option `pdfmenubar' set `true' on input line 339.
Package hyperref Info: Option `colorlinks' set `true' on input line 339.

Package hyperref Warning: Values of option `pdfpagemode':
(hyperref)                * `UseNone'
(hyperref)                * `UseOutlines'
(hyperref)                * `UseThumbs'
(hyperref)                * `FullScreen'
(hyperref)                * `UseOC' (PDF 1.5)
(hyperref)                * `UseAttachments' (PDF 1.6)
(hyperref)                * An empty value disables the option.
(hyperref)                Unknown value `None' on input line 339.

Package hyperref Info: Option `pdffitwindow' set `true' on input line 339.
(C:\Users\user\AppData\Roaming\MiKTeX\2.9\tex\latex\fancyhdr\fancyhdr.sty
Package: fancyhdr 2017/06/30 v3.9a Extensive control of page headers and footer
s
\f@nch@headwidth=\skip64
\f@nch@O@elh=\skip65
\f@nch@O@erh=\skip66
\f@nch@O@olh=\skip67
\f@nch@O@orh=\skip68
\f@nch@O@elf=\skip69
\f@nch@O@erf=\skip70
\f@nch@O@olf=\skip71
\f@nch@O@orf=\skip72
) ("C:\Program Files\MiKTeX 2.9\tex\latex\psnfss\pifont.sty"
Package: pifont 2005/04/12 PSNFSS-v9.2a Pi font support (SPQR) 
LaTeX Font Info:    Try loading font information for U+pzd on input line 63.
("C:\Program Files\MiKTeX 2.9\tex\latex\psnfss\upzd.fd"
File: upzd.fd 2001/06/04 font definitions for U/pzd.
)
LaTeX Font Info:    Try loading font information for U+psy on input line 64.
("C:\Program Files\MiKTeX 2.9\tex\latex\psnfss\upsy.fd"
File: upsy.fd 2001/06/04 font definitions for U/psy.
)) ("C:\Program Files\MiKTeX 2.9\tex\latex\tools\array.sty"
Package: array 2016/10/06 v2.4d Tabular extension package (FMi)
\col@sep=\dimen149
\extrarowheight=\dimen150
\NC@list=\toks26
\extratabsurround=\skip73
\backup@length=\skip74
) ("C:\Program Files\MiKTeX 2.9\tex\latex\multirow\multirow.sty"
Package: multirow 2016/11/25 v2.2 Span multiple rows of a table
\multirow@colwidth=\skip75
\multirow@cntb=\count136
\multirow@dima=\skip76
\bigstrutjot=\dimen151
) (C:\Users\user\AppData\Roaming\MiKTeX\2.9\tex\latex\wrapfig\wrapfig.sty
\wrapoverhang=\dimen152
\WF@size=\dimen153
\c@WF@wrappedlines=\count137
\WF@box=\box36
\WF@everypar=\toks27
Package: wrapfig 2003/01/31  v 3.6
) ("C:\Program Files\MiKTeX 2.9\tex\latex\float\float.sty"
Package: float 2001/11/08 v1.3d Float enhancements (AL)
\c@float@type=\count138
\float@exts=\toks28
\float@box=\box37
\@float@everytoks=\toks29
\@floatcapt=\box38
) (C:\Users\user\AppData\Roaming\MiKTeX\2.9\tex\latex\colortbl\colortbl.sty
Package: colortbl 2012/02/13 v1.0a Color table columns (DPC)
\everycr=\toks30
\minrowclearance=\skip77
) ("C:\Program Files\MiKTeX 2.9\tex\latex\oberdiek\pdflscape.sty"
Package: pdflscape 2016/05/14 v0.11 Display of landscape pages in PDF (HO)
("C:\Program Files\MiKTeX 2.9\tex\latex\graphics\lscape.sty"
Package: lscape 2000/10/22 v3.01 Landscape Pages (DPC)
)
Package pdflscape Info: Auto-detected driver: pdftex on input line 81.
) (C:\Users\user\AppData\Roaming\MiKTeX\2.9\tex\latex\tabu\tabu.sty
Package: tabu 2011/02/26 v2.8 - flexible LaTeX tabulars (FC)
("C:\Program Files\MiKTeX 2.9\tex\latex\ltxmisc\varwidth.sty"
Package: varwidth 2009/03/30 ver 0.92;  Variable-width minipages
\@vwid@box=\box39
\sift@deathcycles=\count139
\@vwid@loff=\dimen154
\@vwid@roff=\dimen155
)
\c@taburow=\count140
\tabu@nbcols=\count141
\tabu@cnt=\count142
\tabu@Xcol=\count143
\tabu@alloc=\count144
\tabu@nested=\count145
\tabu@target=\dimen156
\tabu@spreadtarget=\dimen157
\tabu@naturalX=\dimen158
\tabucolX=\dimen159
\tabu@Xsum=\dimen160
\extrarowdepth=\dimen161
\abovetabulinesep=\dimen162
\belowtabulinesep=\dimen163
\tabustrutrule=\dimen164
\tabu@thebody=\toks31
\tabu@footnotes=\toks32
\tabu@box=\box40
\tabu@arstrutbox=\box41
\tabu@hleads=\box42
\tabu@vleads=\box43
\tabu@cellskip=\skip78
)
(C:\Users\user\AppData\Roaming\MiKTeX\2.9\tex\latex\threeparttable\threeparttab
le.sty
Package: threeparttable 2003/06/13  v 3.0
\@tempboxb=\box44
)
(C:\Users\user\AppData\Roaming\MiKTeX\2.9\tex\latex\threeparttablex\threepartta
blex.sty
Package: threeparttablex 2013/07/23 v0.3 by daleif
(C:\Users\user\AppData\Roaming\MiKTeX\2.9\tex\latex\environ\environ.sty
Package: environ 2014/05/04 v0.3 A new way to define environments
(C:\Users\user\AppData\Roaming\MiKTeX\2.9\tex\latex\trimspaces\trimspaces.sty
Package: trimspaces 2009/09/17 v1.1 Trim spaces around a token list
))
\TPTL@width=\skip79
) (C:\Users\user\AppData\Roaming\MiKTeX\2.9\tex\latex\ulem\ulem.sty
\UL@box=\box45
\UL@hyphenbox=\box46
\UL@skip=\skip80
\UL@hook=\toks33
\UL@height=\dimen165
\UL@pe=\count146
\UL@pixel=\dimen166
\ULC@box=\box47
Package: ulem 2012/05/18
\ULdepth=\dimen167
) (C:\Users\user\AppData\Roaming\MiKTeX\2.9\tex\latex\makecell\makecell.sty
Package: makecell 2009/08/03 V0.1e Managing of Tab Column Heads and Cells
\rotheadsize=\dimen168
\c@nlinenum=\count147
\TeXr@lab=\toks34
) (C:\Users\user\AppData\Roaming\MiKTeX\2.9\tex\latex\xcolor\xcolor.sty
Package: xcolor 2016/05/11 v2.12 LaTeX color extensions (UK)
("C:\Program Files\MiKTeX 2.9\tex\latex\graphics-cfg\color.cfg"
File: color.cfg 2016/01/02 v1.6 sample color configuration
)
Package xcolor Info: Driver file: pdftex.def on input line 225.
LaTeX Info: Redefining \color on input line 709.
Package xcolor Info: Model `cmy' substituted by `cmy0' on input line 1348.
Package xcolor Info: Model `hsb' substituted by `rgb' on input line 1352.
Package xcolor Info: Model `RGB' extended on input line 1364.
Package xcolor Info: Model `HTML' substituted by `rgb' on input line 1366.
Package xcolor Info: Model `Hsb' substituted by `hsb' on input line 1367.
Package xcolor Info: Model `tHsb' substituted by `hsb' on input line 1368.
Package xcolor Info: Model `HSB' substituted by `hsb' on input line 1369.
Package xcolor Info: Model `Gray' substituted by `gray' on input line 1370.
Package xcolor Info: Model `wave' substituted by `hsb' on input line 1371.
) (Lab2.aux)
\openout1 = `Lab2.aux'.

LaTeX Font Info:    Checking defaults for OML/cmm/m/it on input line 446.
LaTeX Font Info:    ... okay on input line 446.
LaTeX Font Info:    Checking defaults for T1/cmr/m/n on input line 446.
LaTeX Font Info:    ... okay on input line 446.
LaTeX Font Info:    Checking defaults for OT1/cmr/m/n on input line 446.
LaTeX Font Info:    ... okay on input line 446.
LaTeX Font Info:    Checking defaults for OMS/cmsy/m/n on input line 446.
LaTeX Font Info:    ... okay on input line 446.
LaTeX Font Info:    Checking defaults for OMX/cmex/m/n on input line 446.
LaTeX Font Info:    ... okay on input line 446.
LaTeX Font Info:    Checking defaults for U/cmr/m/n on input line 446.
LaTeX Font Info:    ... okay on input line 446.
LaTeX Font Info:    Checking defaults for TS1/cmr/m/n on input line 446.
LaTeX Font Info:    Try loading font information for TS1+cmr on input line 446.

("C:\Program Files\MiKTeX 2.9\tex\latex\base\ts1cmr.fd"
File: ts1cmr.fd 2014/09/29 v2.5h Standard LaTeX font definitions
)
LaTeX Font Info:    ... okay on input line 446.
LaTeX Font Info:    Checking defaults for PD1/pdf/m/n on input line 446.
LaTeX Font Info:    ... okay on input line 446.
LaTeX Font Info:    Checking defaults for PU/pdf/m/n on input line 446.
LaTeX Font Info:    ... okay on input line 446.
LaTeX Font Info:    Try loading font information for T1+lmr on input line 446.
("C:\Program Files\MiKTeX 2.9\tex\latex\lm\t1lmr.fd"
File: t1lmr.fd 2009/10/30 v1.6 Font defs for Latin Modern
)
LaTeX Info: Redefining \microtypecontext on input line 446.
Package microtype Info: Generating PDF output.
Package microtype Info: Character protrusion enabled (level 2).
Package microtype Info: Using protrusion set `basicmath'.
Package microtype Info: Automatic font expansion enabled (level 2),
(microtype)             stretch: 20, shrink: 20, step: 1, non-selected.
Package microtype Info: Using default expansion set `basictext'.
Package microtype Info: No adjustment of tracking.
Package microtype Info: No adjustment of interword spacing.
Package microtype Info: No adjustment of character kerning.
(C:\Users\user\AppData\Roaming\MiKTeX\2.9\tex\latex\microtype\mt-cmr.cfg
File: mt-cmr.cfg 2013/05/19 v2.2 microtype config. file: Computer Modern Roman 
(RS)
)
*geometry* driver: auto-detecting
*geometry* detected driver: pdftex
*geometry* verbose mode - [ preamble ] result:
* driver: pdftex
* paper: <default>
* layout: <same size as paper>
* layoutoffset:(h,v)=(0.0pt,0.0pt)
* modes: 
* h-part:(L,W,R)=(72.26999pt, 469.75502pt, 72.26999pt)
* v-part:(T,H,B)=(72.26999pt, 650.43001pt, 72.26999pt)
* \paperwidth=614.295pt
* \paperheight=794.96999pt
* \textwidth=469.75502pt
* \textheight=650.43001pt
* \oddsidemargin=0.0pt
* \evensidemargin=0.0pt
* \topmargin=-37.0pt
* \headheight=12.0pt
* \headsep=25.0pt
* \topskip=10.0pt
* \footskip=30.0pt
* \marginparwidth=34.14322pt
* \marginparsep=11.0pt
* \columnsep=10.0pt
* \skip\footins=9.0pt plus 4.0pt minus 2.0pt
* \hoffset=0.0pt
* \voffset=0.0pt
* \mag=1000
* \@twocolumnfalse
* \@twosidefalse
* \@mparswitchfalse
* \@reversemargintrue
* (1in=72.27pt=25.4mm, 1cm=28.453pt)

\AtBeginShipoutBox=\box48
Package hyperref Info: Link coloring ON on input line 446.
("C:\Program Files\MiKTeX 2.9\tex\latex\hyperref\nameref.sty"
Package: nameref 2016/05/21 v2.44 Cross-referencing by name of section
("C:\Program Files\MiKTeX 2.9\tex\generic\oberdiek\gettitlestring.sty"
Package: gettitlestring 2016/05/16 v1.5 Cleanup title references (HO)
)
\c@section@level=\count148
)
LaTeX Info: Redefining \ref on input line 446.
LaTeX Info: Redefining \pageref on input line 446.
LaTeX Info: Redefining \nameref on input line 446.
(Lab2.out) (Lab2.out)
\@outlinefile=\write4
\openout4 = `Lab2.out'.

(C:\Users\user\AppData\Roaming\MiKTeX\2.9\tex\context\base\supp-pdf.mkii
[Loading MPS to PDF converter (version 2006.09.02).]
\scratchcounter=\count149
\scratchdimen=\dimen169
\scratchbox=\box49
\nofMPsegments=\count150
\nofMParguments=\count151
\everyMPshowfont=\toks35
\MPscratchCnt=\count152
\MPscratchDim=\dimen170
\MPnumerator=\count153
\makeMPintoPDFobject=\count154
\everyMPtoPDFconversion=\toks36
) ("C:\Program Files\MiKTeX 2.9\tex\latex\oberdiek\epstopdf-base.sty"
Package: epstopdf-base 2016/05/15 v2.6 Base part for package epstopdf
("C:\Program Files\MiKTeX 2.9\tex\latex\oberdiek\grfext.sty"
Package: grfext 2016/05/16 v1.2 Manage graphics extensions (HO)
)
Package epstopdf-base Info: Redefining graphics rule for `.eps' on input line 4
38.
Package grfext Info: Graphics extension search list:
(grfext)             [.pdf,.png,.jpg,.mps,.jpeg,.jbig2,.jb2,.PDF,.PNG,.JPG,.JPE
G,.JBIG2,.JB2,.eps]
(grfext)             \AppendGraphicsExtensions on input line 456.
)
Package backref Info: ** backref set up for natbib ** on input line 446.
LaTeX Font Info:    Try loading font information for OT1+lmr on input line 447.

("C:\Program Files\MiKTeX 2.9\tex\latex\lm\ot1lmr.fd"
File: ot1lmr.fd 2009/10/30 v1.6 Font defs for Latin Modern
)
LaTeX Font Info:    Try loading font information for OML+lmm on input line 447.

("C:\Program Files\MiKTeX 2.9\tex\latex\lm\omllmm.fd"
File: omllmm.fd 2009/10/30 v1.6 Font defs for Latin Modern
)
LaTeX Font Info:    Try loading font information for OMS+lmsy on input line 447
.
("C:\Program Files\MiKTeX 2.9\tex\latex\lm\omslmsy.fd"
File: omslmsy.fd 2009/10/30 v1.6 Font defs for Latin Modern
)
LaTeX Font Info:    Try loading font information for OMX+lmex on input line 447
.
("C:\Program Files\MiKTeX 2.9\tex\latex\lm\omxlmex.fd"
File: omxlmex.fd 2009/10/30 v1.6 Font defs for Latin Modern
)
LaTeX Font Info:    External font `lmex10' loaded for size
(Font)              <12> on input line 447.
LaTeX Font Info:    External font `lmex10' loaded for size
(Font)              <8> on input line 447.
LaTeX Font Info:    External font `lmex10' loaded for size
(Font)              <6> on input line 447.
LaTeX Font Info:    Try loading font information for U+msa on input line 447.
("C:\Program Files\MiKTeX 2.9\tex\latex\amsfonts\umsa.fd"
File: umsa.fd 2013/01/14 v3.01 AMS symbols A
) (C:\Users\user\AppData\Roaming\MiKTeX\2.9\tex\latex\microtype\mt-msa.cfg
File: mt-msa.cfg 2006/02/04 v1.1 microtype config. file: AMS symbols (a) (RS)
)
LaTeX Font Info:    Try loading font information for U+msb on input line 447.
("C:\Program Files\MiKTeX 2.9\tex\latex\amsfonts\umsb.fd"
File: umsb.fd 2013/01/14 v3.01 AMS symbols B
) (C:\Users\user\AppData\Roaming\MiKTeX\2.9\tex\latex\microtype\mt-msb.cfg
File: mt-msb.cfg 2005/06/01 v1.0 microtype config. file: AMS symbols (b) (RS)
)

Package xcolor Warning: Incompatible color definition on input line 453.

LaTeX Font Info:    External font `lmex10' loaded for size
(Font)              <10> on input line 454.
LaTeX Font Info:    External font `lmex10' loaded for size
(Font)              <7> on input line 454.
LaTeX Font Info:    External font `lmex10' loaded for size
(Font)              <5> on input line 454.

Package xcolor Warning: Incompatible color definition on input line 456.


Package xcolor Warning: Incompatible color definition on input line 456.


Package xcolor Warning: Incompatible color definition on input line 456.


Package xcolor Warning: Incompatible color definition on input line 456.

LaTeX Font Info:    Try loading font information for TS1+lmr on input line 472.

("C:\Program Files\MiKTeX 2.9\tex\latex\lm\ts1lmr.fd"
File: ts1lmr.fd 2009/10/30 v1.6 Font defs for Latin Modern
)

Package xcolor Warning: Incompatible color definition on input line 485.

LaTeX Font Info:    Try loading font information for T1+lmtt on input line 486.

("C:\Program Files\MiKTeX 2.9\tex\latex\lm\t1lmtt.fd"
File: t1lmtt.fd 2009/10/30 v1.6 Font defs for Latin Modern
)
LaTeX Font Info:    Font shape `T1/lmtt/bx/n' in size <10> not available
(Font)              Font shape `T1/lmtt/b/n' tried instead on input line 488.

Package xcolor Warning: Incompatible color definition on input line 496.


Package xcolor Warning: Incompatible color definition on input line 496.


Package xcolor Warning: Incompatible color definition on input line 514.


Package xcolor Warning: Incompatible color definition on input line 526.


Package xcolor Warning: Incompatible color definition on input line 526.


Package xcolor Warning: Incompatible color definition on input line 531.


Package xcolor Warning: Incompatible color definition on input line 542.


Package xcolor Warning: Incompatible color definition on input line 542.


Package xcolor Warning: Incompatible color definition on input line 542.


Package Fancyhdr Warning: \headheight is too small (12.0pt): 
 Make it at least 23.10004pt.
 We now make it that large for the rest of the document.
 This may cause the page layout to be inconsistent, however.

[1{C:/Users/user/AppData/Local/MiKTeX/2.9/pdftex/config/pdftex.map}

]

Package xcolor Warning: Incompatible color definition on input line 542.


Package xcolor Warning: Incompatible color definition on input line 542.


Package xcolor Warning: Incompatible color definition on input line 553.


Package xcolor Warning: Incompatible color definition on input line 558.


Package xcolor Warning: Incompatible color definition on input line 558.


Package xcolor Warning: Incompatible color definition on input line 564.


Package xcolor Warning: Incompatible color definition on input line 578.


Package xcolor Warning: Incompatible color definition on input line 578.


Package xcolor Warning: Incompatible color definition on input line 580.


Package xcolor Warning: Incompatible color definition on input line 580.

<images/icons/exercise.png, id=98, 42.82666pt x 42.82666pt>
File: images/icons/exercise.png Graphic file (type png)
<use images/icons/exercise.png>
Package pdftex.def Info: images/icons/exercise.png  used on input line 581. on 
input line 581.
Package pdftex.def Info: Requested size: 19.99979pt x 19.99979pt on input line 
581.

Package xcolor Warning: Incompatible color definition on input line 587.


Package xcolor Warning: Incompatible color definition on input line 587.


Package xcolor Warning: Incompatible color definition on input line 587.


Package xcolor Warning: Incompatible color definition on input line 587.


Package xcolor Warning: Incompatible color definition on input line 591.


Package xcolor Warning: Incompatible color definition on input line 596.


Package xcolor Warning: Incompatible color definition on input line 596.


Package xcolor Warning: Incompatible color definition on input line 603.


Package xcolor Warning: Incompatible color definition on input line 613.


Package xcolor Warning: Incompatible color definition on input line 613.


Package xcolor Warning: Incompatible color definition on input line 622.


Package xcolor Warning: Incompatible color definition on input line 629.


Package xcolor Warning: Incompatible color definition on input line 629.


Package xcolor Warning: Incompatible color definition on input line 629.

[2 <./images/icons/exercise.png>]

Package xcolor Warning: Incompatible color definition on input line 629.


Package xcolor Warning: Incompatible color definition on input line 629.


Package xcolor Warning: Incompatible color definition on input line 641.


Package xcolor Warning: Incompatible color definition on input line 650.


Package xcolor Warning: Incompatible color definition on input line 650.


Package xcolor Warning: Incompatible color definition on input line 659.

LaTeX Font Info:    Try loading font information for TS1+lmtt on input line 662
.
("C:\Program Files\MiKTeX 2.9\tex\latex\lm\ts1lmtt.fd"
File: ts1lmtt.fd 2009/10/30 v1.6 Font defs for Latin Modern
)

Package xcolor Warning: Incompatible color definition on input line 665.


Package xcolor Warning: Incompatible color definition on input line 665.


Package xcolor Warning: Incompatible color definition on input line 672.


Package xcolor Warning: Incompatible color definition on input line 682.


Package xcolor Warning: Incompatible color definition on input line 682.


Package xcolor Warning: Incompatible color definition on input line 693.


Package xcolor Warning: Incompatible color definition on input line 698.


Package xcolor Warning: Incompatible color definition on input line 698.

LaTeX Font Info:    Font shape `T1/lmtt/bx/n' in size <12> not available
(Font)              Font shape `T1/lmtt/b/n' tried instead on input line 703.
[3]

Package xcolor Warning: Incompatible color definition on input line 739.


Package xcolor Warning: Incompatible color definition on input line 748.


Package xcolor Warning: Incompatible color definition on input line 748.


Package xcolor Warning: Incompatible color definition on input line 752.


Package xcolor Warning: Incompatible color definition on input line 762.


Package xcolor Warning: Incompatible color definition on input line 762.


Package xcolor Warning: Incompatible color definition on input line 766.


Package xcolor Warning: Incompatible color definition on input line 777.


Package xcolor Warning: Incompatible color definition on input line 777.


Package xcolor Warning: Incompatible color definition on input line 787.


Package xcolor Warning: Incompatible color definition on input line 791.


Package xcolor Warning: Incompatible color definition on input line 791.


Package xcolor Warning: Incompatible color definition on input line 795.


Package xcolor Warning: Incompatible color definition on input line 809.


Package xcolor Warning: Incompatible color definition on input line 809.


Package xcolor Warning: Incompatible color definition on input line 809.

[4]

Package xcolor Warning: Incompatible color definition on input line 809.


Package xcolor Warning: Incompatible color definition on input line 809.


Package xcolor Warning: Incompatible color definition on input line 813.


Package xcolor Warning: Incompatible color definition on input line 839.


Package xcolor Warning: Incompatible color definition on input line 839.


Package xcolor Warning: Incompatible color definition on input line 849.


Package xcolor Warning: Incompatible color definition on input line 855.


Package xcolor Warning: Incompatible color definition on input line 855.


Package xcolor Warning: Incompatible color definition on input line 859.


Package xcolor Warning: Incompatible color definition on input line 875.


Package xcolor Warning: Incompatible color definition on input line 875.


Package xcolor Warning: Incompatible color definition on input line 875.

[5]

Package xcolor Warning: Incompatible color definition on input line 875.


Package xcolor Warning: Incompatible color definition on input line 875.


Package xcolor Warning: Incompatible color definition on input line 879.


Package xcolor Warning: Incompatible color definition on input line 892.


Package xcolor Warning: Incompatible color definition on input line 892.


Package xcolor Warning: Incompatible color definition on input line 898.


Package xcolor Warning: Incompatible color definition on input line 909.


Package xcolor Warning: Incompatible color definition on input line 909.


Package xcolor Warning: Incompatible color definition on input line 913.


Package xcolor Warning: Incompatible color definition on input line 923.


Package xcolor Warning: Incompatible color definition on input line 923.


Package xcolor Warning: Incompatible color definition on input line 928.


Package xcolor Warning: Incompatible color definition on input line 936.


Package xcolor Warning: Incompatible color definition on input line 936.


Package xcolor Warning: Incompatible color definition on input line 940.


Package xcolor Warning: Incompatible color definition on input line 950.


Package xcolor Warning: Incompatible color definition on input line 950.


Package xcolor Warning: Incompatible color definition on input line 952.


Package xcolor Warning: Incompatible color definition on input line 952.

File: images/icons/exercise.png Graphic file (type png)
<use images/icons/exercise.png>
Package pdftex.def Info: images/icons/exercise.png  used on input line 953. on 
input line 953.
Package pdftex.def Info: Requested size: 19.99979pt x 19.99979pt on input line 
953.

Package xcolor Warning: Incompatible color definition on input line 957.


Package xcolor Warning: Incompatible color definition on input line 957.


Package xcolor Warning: Incompatible color definition on input line 957.


Package xcolor Warning: Incompatible color definition on input line 957.


Package xcolor Warning: Incompatible color definition on input line 957.


Package xcolor Warning: Incompatible color definition on input line 957.

[6]

Package xcolor Warning: Incompatible color definition on input line 957.


Package xcolor Warning: Incompatible color definition on input line 957.


Package xcolor Warning: Incompatible color definition on input line 957.


Package xcolor Warning: Incompatible color definition on input line 957.


Package xcolor Warning: Incompatible color definition on input line 970.


Package xcolor Warning: Incompatible color definition on input line 976.


Package xcolor Warning: Incompatible color definition on input line 976.


Package xcolor Warning: Incompatible color definition on input line 980.


Package xcolor Warning: Incompatible color definition on input line 992.


Package xcolor Warning: Incompatible color definition on input line 992.


Package xcolor Warning: Incompatible color definition on input line 997.


Package xcolor Warning: Incompatible color definition on input line 1014.


Package xcolor Warning: Incompatible color definition on input line 1014.


Package xcolor Warning: Incompatible color definition on input line 1016.


Package xcolor Warning: Incompatible color definition on input line 1016.

File: images/icons/exercise.png Graphic file (type png)
<use images/icons/exercise.png>
Package pdftex.def Info: images/icons/exercise.png  used on input line 1017. on
 input line 1017.
Package pdftex.def Info: Requested size: 19.99979pt x 19.99979pt on input line 
1017.

Package xcolor Warning: Incompatible color definition on input line 1022.


Package xcolor Warning: Incompatible color definition on input line 1022.


Package xcolor Warning: Incompatible color definition on input line 1022.


Package xcolor Warning: Incompatible color definition on input line 1022.


Package xcolor Warning: Incompatible color definition on input line 1026.


Package xcolor Warning: Incompatible color definition on input line 1037.


Package xcolor Warning: Incompatible color definition on input line 1037.


Package xcolor Warning: Incompatible color definition on input line 1037.

[7]

Package xcolor Warning: Incompatible color definition on input line 1037.


Package xcolor Warning: Incompatible color definition on input line 1037.


Package xcolor Warning: Incompatible color definition on input line 1048.


Package xcolor Warning: Incompatible color definition on input line 1063.


Package xcolor Warning: Incompatible color definition on input line 1063.


Package xcolor Warning: Incompatible color definition on input line 1071.


Package xcolor Warning: Incompatible color definition on input line 1087.


Package xcolor Warning: Incompatible color definition on input line 1087.


Package xcolor Warning: Incompatible color definition on input line 1091.


Package xcolor Warning: Incompatible color definition on input line 1108.


Package xcolor Warning: Incompatible color definition on input line 1108.


Package xcolor Warning: Incompatible color definition on input line 1108.

[8]

Package xcolor Warning: Incompatible color definition on input line 1108.


Package xcolor Warning: Incompatible color definition on input line 1108.


Package xcolor Warning: Incompatible color definition on input line 1113.


Package xcolor Warning: Incompatible color definition on input line 1124.


Package xcolor Warning: Incompatible color definition on input line 1124.


Package xcolor Warning: Incompatible color definition on input line 1186.


Package xcolor Warning: Incompatible color definition on input line 1187.

[9]

Package xcolor Warning: Incompatible color definition on input line 1291.


Package xcolor Warning: Incompatible color definition on input line 1305.


Package xcolor Warning: Incompatible color definition on input line 1305.

<Lab2_files/figure-latex/unnamed-chunk-32-1.pdf, id=159, pagebox=cropbox, 469.7
55pt x 325.215pt>
File: Lab2_files/figure-latex/unnamed-chunk-32-1.pdf Graphic file (type pdf)
<use Lab2_files/figure-latex/unnamed-chunk-32-1.pdf>
Package pdftex.def Info: Lab2_files/figure-latex/unnamed-chunk-32-1.pdf  used o
n input line 1307. on input line 1307.
Package pdftex.def Info: Requested size: 375.80452pt x 260.17235pt on input lin
e 1307.
[10]

Package xcolor Warning: Incompatible color definition on input line 1315.


Package xcolor Warning: Incompatible color definition on input line 1315.

File: images/icons/exercise.png Graphic file (type png)
<use images/icons/exercise.png>
Package pdftex.def Info: images/icons/exercise.png  used on input line 1316. on
 input line 1316.
Package pdftex.def Info: Requested size: 19.99979pt x 19.99979pt on input line 
1316.

Underfull \hbox (badness 10000) in paragraph at lines 1318--1320
[]\T1/lmtt/m/n/10 x <- seq(0, 1, 0.1); plot(x, x - x * x + 2) plot(x, x - x * x
 + 2, type = "l");
 []


Package xcolor Warning: Incompatible color definition on input line 1320.


Package xcolor Warning: Incompatible color definition on input line 1320.


Package xcolor Warning: Incompatible color definition on input line 1320.


Package xcolor Warning: Incompatible color definition on input line 1320.

<Lab2_files/figure-latex/unnamed-chunk-34-1.pdf, id=165, pagebox=cropbox, 216.8
1pt x 216.81pt>
File: Lab2_files/figure-latex/unnamed-chunk-34-1.pdf Graphic file (type pdf)
<use Lab2_files/figure-latex/unnamed-chunk-34-1.pdf>
Package pdftex.def Info: Lab2_files/figure-latex/unnamed-chunk-34-1.pdf  used o
n input line 1329. on input line 1329.
Package pdftex.def Info: Requested size: 216.81938pt x 216.81938pt on input lin
e 1329.
<Lab2_files/figure-latex/unnamed-chunk-35-1.pdf, id=166, pagebox=cropbox, 469.7
55pt x 325.215pt>
File: Lab2_files/figure-latex/unnamed-chunk-35-1.pdf Graphic file (type pdf)
<use Lab2_files/figure-latex/unnamed-chunk-35-1.pdf>
Package pdftex.def Info: Lab2_files/figure-latex/unnamed-chunk-35-1.pdf  used o
n input line 1338. on input line 1338.
Package pdftex.def Info: Requested size: 375.80452pt x 260.17235pt on input lin
e 1338.
[11 <./Lab2_files/figure-latex/unnamed-chunk-32-1.pdf>]

Package xcolor Warning: Incompatible color definition on input line 1340.


Package xcolor Warning: Incompatible color definition on input line 1340.

File: images/icons/exercise.png Graphic file (type png)
<use images/icons/exercise.png>
Package pdftex.def Info: images/icons/exercise.png  used on input line 1341. on
 input line 1341.
Package pdftex.def Info: Requested size: 19.99979pt x 19.99979pt on input line 
1341.

Package xcolor Warning: Incompatible color definition on input line 1358.


Package xcolor Warning: Incompatible color definition on input line 1358.


Package xcolor Warning: Incompatible color definition on input line 1358.


Package xcolor Warning: Incompatible color definition on input line 1358.

[12pdfTeX warning (ext4): destination with the same identifier (name{figure.1})
 has been already used, duplicate ignored

\AtBegShi@Output ...ipout \box \AtBeginShipoutBox 
                                                  \fi \fi 
l.1370 
        <./Lab2_files/figure-latex/unnamed-chunk-34-1.pdf> <./Lab2_files/figure
-latex/unnamed-chunk-35-1.pdf>]
<Lab2_files/figure-latex/randomcolors-1.pdf, id=197, pagebox=cropbox, 578.16pt 
x 505.89pt>
File: Lab2_files/figure-latex/randomcolors-1.pdf Graphic file (type pdf)
<use Lab2_files/figure-latex/randomcolors-1.pdf>
Package pdftex.def Info: Lab2_files/figure-latex/randomcolors-1.pdf  used on in
put line 1373. on input line 1373.
Package pdftex.def Info: Requested size: 469.75385pt x 411.0346pt on input line
 1373.

Package xcolor Warning: Incompatible color definition on input line 1387.

[13pdfTeX warning (ext4): destination with the same identifier (name{figure.2})
 has been already used, duplicate ignored

\AtBegShi@Output ...ipout \box \AtBeginShipoutBox 
                                                  \fi \fi 
l.1436 \end{longtable}
                       <./Lab2_files/figure-latex/randomcolors-1.pdf>]

Package xcolor Warning: Incompatible color definition on input line 1441.


Package xcolor Warning: Incompatible color definition on input line 1449.


Package xcolor Warning: Incompatible color definition on input line 1449.

<Lab2_files/figure-latex/unnamed-chunk-38-1.pdf, id=214, pagebox=cropbox, 469.7
55pt x 325.215pt>
File: Lab2_files/figure-latex/unnamed-chunk-38-1.pdf Graphic file (type pdf)
<use Lab2_files/figure-latex/unnamed-chunk-38-1.pdf>
Package pdftex.def Info: Lab2_files/figure-latex/unnamed-chunk-38-1.pdf  used o
n input line 1451. on input line 1451.
Package pdftex.def Info: Requested size: 375.80452pt x 260.17235pt on input lin
e 1451.

Package xcolor Warning: Incompatible color definition on input line 1456.


Package xcolor Warning: Incompatible color definition on input line 1467.


Package xcolor Warning: Incompatible color definition on input line 1467.

<Lab2_files/figure-latex/unnamed-chunk-39-1.pdf, id=215, pagebox=cropbox, 469.7
55pt x 325.215pt>
File: Lab2_files/figure-latex/unnamed-chunk-39-1.pdf Graphic file (type pdf)
<use Lab2_files/figure-latex/unnamed-chunk-39-1.pdf>
Package pdftex.def Info: Lab2_files/figure-latex/unnamed-chunk-39-1.pdf  used o
n input line 1469. on input line 1469.
Package pdftex.def Info: Requested size: 375.80452pt x 260.17235pt on input lin
e 1469.
[14 <./Lab2_files/figure-latex/unnamed-chunk-38-1.pdf>]

Package xcolor Warning: Incompatible color definition on input line 1475.


Package xcolor Warning: Incompatible color definition on input line 1490.


Package xcolor Warning: Incompatible color definition on input line 1490.

<Lab2_files/figure-latex/unnamed-chunk-40-1.pdf, id=226, pagebox=cropbox, 469.7
55pt x 325.215pt>
File: Lab2_files/figure-latex/unnamed-chunk-40-1.pdf Graphic file (type pdf)
<use Lab2_files/figure-latex/unnamed-chunk-40-1.pdf>
Package pdftex.def Info: Lab2_files/figure-latex/unnamed-chunk-40-1.pdf  used o
n input line 1492. on input line 1492.
Package pdftex.def Info: Requested size: 375.80452pt x 260.17235pt on input lin
e 1492.
[15 <./Lab2_files/figure-latex/unnamed-chunk-39-1.pdf>]

Package xcolor Warning: Incompatible color definition on input line 1507.


Package xcolor Warning: Incompatible color definition on input line 1532.


Package xcolor Warning: Incompatible color definition on input line 1532.

<Lab2_files/figure-latex/unnamed-chunk-41-1.pdf, id=237, pagebox=cropbox, 469.7
55pt x 325.215pt>
File: Lab2_files/figure-latex/unnamed-chunk-41-1.pdf Graphic file (type pdf)
<use Lab2_files/figure-latex/unnamed-chunk-41-1.pdf>
Package pdftex.def Info: Lab2_files/figure-latex/unnamed-chunk-41-1.pdf  used o
n input line 1534. on input line 1534.
Package pdftex.def Info: Requested size: 375.80452pt x 260.17235pt on input lin
e 1534.
[16 <./Lab2_files/figure-latex/unnamed-chunk-40-1.pdf>]

Package xcolor Warning: Incompatible color definition on input line 1536.


Package xcolor Warning: Incompatible color definition on input line 1536.

File: images/icons/exercise.png Graphic file (type png)
<use images/icons/exercise.png>
Package pdftex.def Info: images/icons/exercise.png  used on input line 1537. on
 input line 1537.
Package pdftex.def Info: Requested size: 19.99979pt x 19.99979pt on input line 
1537.

Package xcolor Warning: Incompatible color definition on input line 1540.


Package xcolor Warning: Incompatible color definition on input line 1540.


Package xcolor Warning: Incompatible color definition on input line 1540.


Package xcolor Warning: Incompatible color definition on input line 1540.


Package xcolor Warning: Incompatible color definition on input line 1548.


Package xcolor Warning: Incompatible color definition on input line 1579.


Package xcolor Warning: Incompatible color definition on input line 1579.


Package xcolor Warning: Incompatible color definition on input line 1579.

[17 <./Lab2_files/figure-latex/unnamed-chunk-41-1.pdf>]

Package xcolor Warning: Incompatible color definition on input line 1579.


Package xcolor Warning: Incompatible color definition on input line 1579.

<Lab2_files/figure-latex/unnamed-chunk-43-1.pdf, id=259, pagebox=cropbox, 469.7
55pt x 325.215pt>
File: Lab2_files/figure-latex/unnamed-chunk-43-1.pdf Graphic file (type pdf)
<use Lab2_files/figure-latex/unnamed-chunk-43-1.pdf>
Package pdftex.def Info: Lab2_files/figure-latex/unnamed-chunk-43-1.pdf  used o
n input line 1581. on input line 1581.
Package pdftex.def Info: Requested size: 375.80452pt x 260.17235pt on input lin
e 1581.
[18 <./Lab2_files/figure-latex/unnamed-chunk-43-1.pdf>]

Package xcolor Warning: Incompatible color definition on input line 1663.


Package xcolor Warning: Incompatible color definition on input line 1672.


Package xcolor Warning: Incompatible color definition on input line 1672.

<Lab2_files/figure-latex/unnamed-chunk-44-1.pdf, id=272, pagebox=cropbox, 469.7
55pt x 325.215pt>
File: Lab2_files/figure-latex/unnamed-chunk-44-1.pdf Graphic file (type pdf)
<use Lab2_files/figure-latex/unnamed-chunk-44-1.pdf>
Package pdftex.def Info: Lab2_files/figure-latex/unnamed-chunk-44-1.pdf  used o
n input line 1674. on input line 1674.
Package pdftex.def Info: Requested size: 375.80452pt x 260.17235pt on input lin
e 1674.

Package xcolor Warning: Incompatible color definition on input line 1678.


Package xcolor Warning: Incompatible color definition on input line 1705.


Package xcolor Warning: Incompatible color definition on input line 1705.


Package xcolor Warning: Incompatible color definition on input line 1705.

[19 <./Lab2_files/figure-latex/unnamed-chunk-44-1.pdf>]

Package xcolor Warning: Incompatible color definition on input line 1705.


Package xcolor Warning: Incompatible color definition on input line 1705.

<Lab2_files/figure-latex/unnamed-chunk-45-1.pdf, id=284, pagebox=cropbox, 469.7
55pt x 325.215pt>
File: Lab2_files/figure-latex/unnamed-chunk-45-1.pdf Graphic file (type pdf)
<use Lab2_files/figure-latex/unnamed-chunk-45-1.pdf>
Package pdftex.def Info: Lab2_files/figure-latex/unnamed-chunk-45-1.pdf  used o
n input line 1707. on input line 1707.
Package pdftex.def Info: Requested size: 375.80452pt x 260.17235pt on input lin
e 1707.

Package xcolor Warning: Incompatible color definition on input line 1749.


Package xcolor Warning: Incompatible color definition on input line 1765.


Package xcolor Warning: Incompatible color definition on input line 1765.


Package xcolor Warning: Incompatible color definition on input line 1765.

[20 <./Lab2_files/figure-latex/unnamed-chunk-45-1.pdf>]

Package xcolor Warning: Incompatible color definition on input line 1765.


Package xcolor Warning: Incompatible color definition on input line 1765.

<Lab2_files/figure-latex/unnamed-chunk-46-1.pdf, id=297, pagebox=cropbox, 469.7
55pt x 325.215pt>
File: Lab2_files/figure-latex/unnamed-chunk-46-1.pdf Graphic file (type pdf)
<use Lab2_files/figure-latex/unnamed-chunk-46-1.pdf>
Package pdftex.def Info: Lab2_files/figure-latex/unnamed-chunk-46-1.pdf  used o
n input line 1767. on input line 1767.
Package pdftex.def Info: Requested size: 375.80452pt x 260.17235pt on input lin
e 1767.

Package xcolor Warning: Incompatible color definition on input line 1774.


Package xcolor Warning: Incompatible color definition on input line 1788.


Package xcolor Warning: Incompatible color definition on input line 1788.

<Lab2_files/figure-latex/unnamed-chunk-47-1.pdf, id=298, pagebox=cropbox, 469.7
55pt x 325.215pt>
File: Lab2_files/figure-latex/unnamed-chunk-47-1.pdf Graphic file (type pdf)
<use Lab2_files/figure-latex/unnamed-chunk-47-1.pdf>
Package pdftex.def Info: Lab2_files/figure-latex/unnamed-chunk-47-1.pdf  used o
n input line 1790. on input line 1790.
Package pdftex.def Info: Requested size: 375.80452pt x 260.17235pt on input lin
e 1790.
[21 <./Lab2_files/figure-latex/unnamed-chunk-46-1.pdf>]

Package xcolor Warning: Incompatible color definition on input line 1797.


Package xcolor Warning: Incompatible color definition on input line 1819.


Package xcolor Warning: Incompatible color definition on input line 1819.

<Lab2_files/figure-latex/unnamed-chunk-48-1.pdf, id=309, pagebox=cropbox, 469.7
55pt x 325.215pt>
File: Lab2_files/figure-latex/unnamed-chunk-48-1.pdf Graphic file (type pdf)
<use Lab2_files/figure-latex/unnamed-chunk-48-1.pdf>
Package pdftex.def Info: Lab2_files/figure-latex/unnamed-chunk-48-1.pdf  used o
n input line 1821. on input line 1821.
Package pdftex.def Info: Requested size: 375.80452pt x 260.17235pt on input lin
e 1821.
[22 <./Lab2_files/figure-latex/unnamed-chunk-47-1.pdf>]

Package xcolor Warning: Incompatible color definition on input line 1830.


Package xcolor Warning: Incompatible color definition on input line 1847.


Package xcolor Warning: Incompatible color definition on input line 1847.

<Lab2_files/figure-latex/unnamed-chunk-49-1.pdf, id=320, pagebox=cropbox, 469.7
55pt x 325.215pt>
File: Lab2_files/figure-latex/unnamed-chunk-49-1.pdf Graphic file (type pdf)
<use Lab2_files/figure-latex/unnamed-chunk-49-1.pdf>
Package pdftex.def Info: Lab2_files/figure-latex/unnamed-chunk-49-1.pdf  used o
n input line 1849. on input line 1849.
Package pdftex.def Info: Requested size: 375.80452pt x 260.17235pt on input lin
e 1849.
[23 <./Lab2_files/figure-latex/unnamed-chunk-48-1.pdf>]

Package xcolor Warning: Incompatible color definition on input line 1899.


Package xcolor Warning: Incompatible color definition on input line 1922.


Package xcolor Warning: Incompatible color definition on input line 1922.


Package xcolor Warning: Incompatible color definition on input line 1922.

[24 <./Lab2_files/figure-latex/unnamed-chunk-49-1.pdf>]

Package xcolor Warning: Incompatible color definition on input line 1922.


Package xcolor Warning: Incompatible color definition on input line 1922.

<Lab2_files/figure-latex/unnamed-chunk-50-1.pdf, id=342, pagebox=cropbox, 469.7
55pt x 325.215pt>
File: Lab2_files/figure-latex/unnamed-chunk-50-1.pdf Graphic file (type pdf)
<use Lab2_files/figure-latex/unnamed-chunk-50-1.pdf>
Package pdftex.def Info: Lab2_files/figure-latex/unnamed-chunk-50-1.pdf  used o
n input line 1924. on input line 1924.
Package pdftex.def Info: Requested size: 375.80452pt x 260.17235pt on input lin
e 1924.

Package xcolor Warning: Incompatible color definition on input line 1992.

[25 <./Lab2_files/figure-latex/unnamed-chunk-50-1.pdf>]

Package xcolor Warning: Incompatible color definition on input line 2008.


Package xcolor Warning: Incompatible color definition on input line 2008.

(Lab2.bbl (Lab2.brf)
\tf@brf=\write5
\openout5 = `Lab2.brf'.

LaTeX Font Info:    External font `lmex10' loaded for size
(Font)              <14.4> on input line 1.

Package xcolor Warning: Incompatible color definition on input line 13.


Package xcolor Warning: Incompatible color definition on input line 20.

)
Package atveryend Info: Empty hook `BeforeClearDocument' on input line 2014.
[26]
Package atveryend Info: Empty hook `AfterLastShipout' on input line 2014.
(Lab2.aux)
Package atveryend Info: Executing hook `AtVeryEndDocument' on input line 2014.
Package atveryend Info: Executing hook `AtEndAfterFileList' on input line 2014.

Package rerunfilecheck Info: File `Lab2.out' has not changed.
(rerunfilecheck)             Checksum: 5751FD14E6B3BE33937960514A9398CD;2741.
Package rerunfilecheck Info: File `Lab2.brf' has not changed.
(rerunfilecheck)             Checksum: 3746AF725C29652E80CED1FED56688AB;105.
Package atveryend Info: Empty hook `AtVeryVeryEnd' on input line 2014.
 ) 
Here is how much of TeX's memory you used:
 16024 strings out of 493312
 232769 string characters out of 3138902
 353763 words of memory out of 3000000
 19073 multiletter control sequences out of 15000+200000
 90909 words of font info for 130 fonts, out of 3000000 for 9000
 1141 hyphenation exceptions out of 8191
 34i,13n,43p,385b,445s stack positions out of 5000i,500n,10000p,200000b,50000s
{C:/Program Files/MiKTeX 2.9/fonts/enc/dvips/lm/lm-ec.enc}{C:/Program Files/M
iKTeX 2.9/fonts/enc/dvips/lm/lm-ts1.enc}{C:/Program Files/MiKTeX 2.9/fonts/enc/
dvips/lm/lm-mathex.enc}{C:/Program Files/MiKTeX 2.9/fonts/enc/dvips/lm/lm-rm.en
c}{C:/Program Files/MiKTeX 2.9/fonts/enc/dvips/lm/lm-mathsy.enc}{C:/Program Fil
es/MiKTeX 2.9/fonts/enc/dvips/lm/lm-mathit.enc}<C:/Program Files/MiKTeX 2.9/fon
ts/type1/public/lm/lmbx10.pfb><C:/Program Files/MiKTeX 2.9/fonts/type1/public/l
m/lmbx12.pfb><C:/Program Files/MiKTeX 2.9/fonts/type1/public/lm/lmbx5.pfb><C:/P
rogram Files/MiKTeX 2.9/fonts/type1/public/lm/lmbx6.pfb><C:/Program Files/MiKTe
X 2.9/fonts/type1/public/lm/lmbx7.pfb><C:/Program Files/MiKTeX 2.9/fonts/type1/
public/lm/lmex10.pfb><C:/Program Files/MiKTeX 2.9/fonts/type1/public/lm/lmmi10.
pfb><C:/Program Files/MiKTeX 2.9/fonts/type1/public/lm/lmmi7.pfb><C:/Program Fi
les/MiKTeX 2.9/fonts/type1/public/lm/lmr10.pfb><C:/Program Files/MiKTeX 2.9/fon
ts/type1/public/lm/lmr12.pfb><C:/Program Files/MiKTeX 2.9/fonts/type1/public/lm
/lmr17.pfb><C:/Program Files/MiKTeX 2.9/fonts/type1/public/lm/lmr5.pfb><C:/Prog
ram Files/MiKTeX 2.9/fonts/type1/public/lm/lmr6.pfb><C:/Program Files/MiKTeX 2.
9/fonts/type1/public/lm/lmr7.pfb><C:/Program Files/MiKTeX 2.9/fonts/type1/publi
c/lm/lmr8.pfb><C:/Program Files/MiKTeX 2.9/fonts/type1/public/lm/lmri10.pfb><C:
/Program Files/MiKTeX 2.9/fonts/type1/public/lm/lmri7.pfb><C:/Program Files/MiK
TeX 2.9/fonts/type1/public/lm/lmsy10.pfb><C:/Program Files/MiKTeX 2.9/fonts/typ
e1/public/lm/lmsy7.pfb><C:/Program Files/MiKTeX 2.9/fonts/type1/public/lm/lmtk1
0.pfb><C:/Program Files/MiKTeX 2.9/fonts/type1/public/lm/lmtt10.pfb><C:/Program
 Files/MiKTeX 2.9/fonts/type1/public/lm/lmtti10.pfb><C:/Program Files/MiKTeX 2.
9/fonts/type1/public/amsfonts/symbols/msbm10.pfb>
Output written on Lab2.pdf (26 pages, 535769 bytes).
PDF statistics:
 470 PDF objects out of 1000 (max. 8388607)
 80 named destinations out of 1000 (max. 500000)
 14558 words of extra memory for PDF output out of 17280 (max. 10000000)

